<?xml version="1.0" encoding="UTF-8"?>
<!-- Generated by org.testng.reporters.JUnitReportReporter -->
<testsuite hostname="sravan-PC" name="org.demo.demomaven.toolstests" tests="2" failures="0" timestamp="1 May 2016 07:27:27 GMT" time="2.683" errors="0">
  <testcase name="verifyPageHeader1" time="0.033" classname="org.demo.demomaven.toolstests"/>
  <testcase name="verifyHomePageHeader" time="2.650" classname="org.demo.demomaven.toolstests"/>
</testsuite> <!-- org.demo.demomaven.toolstests -->
