<?xml version="1.0" encoding="UTF-8"?>
<!-- Generated by org.testng.reporters.JUnitReportReporter -->
<testsuite hostname="sravan-PC" name="org.demo.demomaven.toolstests" tests="4" failures="0" timestamp="1 May 2016 09:16:06 GMT" time="5.219" errors="0">
  <testcase name="verifyHomePageHeader" time="2.734" classname="org.demo.demomaven.toolstests"/>
  <testcase name="verifyHomePageHeader" time="2.356" classname="org.demo.demomaven.toolstests"/>
  <testcase name="verifyPageHeader1" time="0.101" classname="org.demo.demomaven.toolstests"/>
  <testcase name="verifyPageHeader1" time="0.028" classname="org.demo.demomaven.toolstests"/>
</testsuite> <!-- org.demo.demomaven.toolstests -->
