<?xml version="1.0" encoding="UTF-8"?>
<!-- Generated by org.testng.reporters.JUnitReportReporter -->
<testsuite hostname="sravan-PC" name="org.demo.demomaven.toolstests" tests="6" failures="0" timestamp="9 May 2016 17:44:03 GMT" time="6.214" errors="0">
  <testcase name="takingscreenshots" time="3.153" classname="org.demo.demomaven.toolstests"/>
  <testcase name="verifyHomePageHeader" time="1.638" classname="org.demo.demomaven.toolstests"/>
  <testcase name="takingscreenshots" time="1.230" classname="org.demo.demomaven.toolstests"/>
  <testcase name="verifyPageHeader1" time="0.061" classname="org.demo.demomaven.toolstests"/>
  <testcase name="verifyPageHeader1" time="0.052" classname="org.demo.demomaven.toolstests"/>
  <testcase name="verifyHomePageHeader" time="0.080" classname="org.demo.demomaven.toolstests"/>
</testsuite> <!-- org.demo.demomaven.toolstests -->
